\BOOKMARK [0][-]{chapter.1}{\376\377\000O\000v\000e\000r\000v\000i\000e\000w}{}% 1
\BOOKMARK [1][-]{section.1.1}{\376\377\000K\000e\000y\000\040\000F\000e\000a\000t\000u\000r\000e\000s}{chapter.1}% 2
\BOOKMARK [0][-]{chapter.2}{\376\377\000G\000e\000t\000t\000i\000n\000g\000\040\000S\000t\000a\000r\000t\000e\000d}{}% 3
\BOOKMARK [1][-]{section.2.1}{\376\377\000P\000r\000e\000r\000e\000q\000u\000i\000s\000i\000t\000e\000s}{chapter.2}% 4
\BOOKMARK [0][-]{chapter.3}{\376\377\000C\000o\000n\000t\000r\000i\000b\000u\000t\000i\000o\000n\000s}{}% 5
\BOOKMARK [1][-]{section.3.1}{\376\377\000C\000o\000n\000t\000r\000i\000b\000u\000t\000o\000r\000s}{chapter.3}% 6
\BOOKMARK [0][-]{chapter.4}{\376\377\000L\000i\000c\000e\000n\000s\000e\000s}{}% 7
\BOOKMARK [0][-]{chapter.5}{\376\377\000T\000A\000B\000L\000E\000\040\000O\000F\000\040\000C\000O\000N\000T\000E\000N\000T\000S}{}% 8
\BOOKMARK [1][-]{section.5.1}{\376\377\000O\000v\000e\000r\000v\000i\000e\000w}{chapter.5}% 9
\BOOKMARK [2][-]{subsection.5.1.1}{\376\377\000K\000e\000y\000\040\000F\000e\000a\000t\000u\000r\000e\000s}{section.5.1}% 10
\BOOKMARK [1][-]{section.5.2}{\376\377\000G\000e\000t\000t\000i\000n\000g\000\040\000S\000t\000a\000r\000t\000e\000d}{chapter.5}% 11
\BOOKMARK [2][-]{subsection.5.2.1}{\376\377\000P\000r\000e\000r\000e\000q\000u\000i\000s\000i\000t\000e\000s}{section.5.2}% 12
\BOOKMARK [1][-]{section.5.3}{\376\377\000C\000o\000n\000t\000r\000i\000b\000u\000t\000i\000o\000n\000s}{chapter.5}% 13
\BOOKMARK [2][-]{subsection.5.3.1}{\376\377\000C\000o\000n\000t\000r\000i\000b\000u\000t\000o\000r\000s}{section.5.3}% 14
\BOOKMARK [1][-]{section.5.4}{\376\377\000E\000x\000a\000m\000p\000l\000e\000s}{chapter.5}% 15
\BOOKMARK [2][-]{subsection.5.4.1}{\376\377\000f\000m\000d\000t\000o\000o\000l\000s\000\040\000T\000u\000t\000o\000r\000i\000a\000l}{section.5.4}% 16
\BOOKMARK [3][-]{subsubsection*.3}{\376\377\0001\000.\000\051\000\040\000L\000o\000a\000d\000i\000n\000g\000\040\000t\000h\000e\000\040\000e\000n\000v\000i\000r\000o\000n\000m\000e\000n\000t\000\040\000a\000n\000d\000\040\000m\000o\000d\000e\000l}{subsection.5.4.1}% 17
\BOOKMARK [3][-]{subsubsection*.4}{\376\377\0002\000.\000\051\000\040\000a\000n\000d\000\040\0003\000.\000\051\000\040\000S\000i\000m\000u\000l\000a\000t\000e\000\040\000a\000n\000d\000\040\000v\000i\000s\000u\000a\000l\000i\000z\000e\000\040\000t\000h\000e\000\040\000r\000e\000s\000u\000l\000t\000s\000!}{subsection.5.4.1}% 18
\BOOKMARK [4][-]{paragraph*.5}{\376\377\0002\000a\000.\000\051\000\040\000S\000i\000m\000u\000l\000a\000t\000e\000\040\000n\000o\000m\000i\000n\000a\000l}{subsubsection*.4}% 19
\BOOKMARK [4][-]{paragraph*.6}{\376\377\0002\000b\000.\000\051\000\040\000V\000i\000s\000u\000a\000l\000i\000z\000e\000\040\000n\000o\000m\000i\000n\000a\000l\000\040\000m\000o\000d\000e\000l}{subsubsection*.4}% 20
\BOOKMARK [4][-]{paragraph*.7}{\376\377\0002\000b\000.\000\051\000\040\000S\000i\000m\000u\000l\000a\000t\000e\000\040\000a\000\040\000f\000a\000u\000l\000t\000\040\000m\000o\000d\000e}{subsubsection*.4}% 21
\BOOKMARK [4][-]{paragraph*.8}{\376\377\0003\000b\000.\000\051\000\040\000V\000i\000s\000u\000a\000l\000i\000z\000e\000\040\000f\000a\000u\000l\000t\000\040\000m\000o\000d\000e\000l\000\040\000s\000t\000a\000t\000e\000s}{subsubsection*.4}% 22
\BOOKMARK [4][-]{paragraph*.9}{\376\377\0004\000a\000.\000\051\000\040\000S\000i\000m\000u\000l\000a\000t\000e\000\040\000s\000e\000t\000\040\000o\000f\000\040\000f\000a\000u\000l\000t\000\040\000m\000o\000d\000e\000s}{subsubsection*.4}% 23
\BOOKMARK [4][-]{paragraph*.10}{\376\377\0004\000b\000.\000\051\000\040\000V\000i\000s\000u\000a\000l\000i\000z\000e\000\040\000s\000e\000t\000\040\000o\000f\000\040\000f\000a\000u\000l\000t\000\040\000m\000o\000d\000e\000s}{subsubsection*.4}% 24
\BOOKMARK [3][-]{subsubsection*.11}{\376\377\0005\000.\000\051\000\040\000S\000a\000v\000i\000n\000g\000\040\000W\000o\000r\000k}{subsection.5.4.1}% 25
\BOOKMARK [2][-]{subsection.5.4.2}{\376\377\000D\000e\000f\000i\000n\000i\000n\000g\000\040\000a\000n\000d\000\040\000V\000i\000s\000u\000a\000l\000i\000z\000i\000n\000g\000\040\000f\000m\000d\000t\000o\000o\000l\000s\000\040\000M\000o\000d\000e\000l\000\040\000S\000t\000r\000u\000c\000t\000u\000r\000e\000s}{section.5.4}% 26
\BOOKMARK [3][-]{subsubsection*.12}{\376\377\000B\000a\000s\000i\000c\000s}{subsection.5.4.2}% 27
